# JRE version: OpenJDK Runtime Environment Corretto-17.0.8.8.1 (17.0.8.1+8) (build 17.0.8.1+8-LTS)
# Java VM: OpenJDK 64-Bit Server VM Corretto-17.0.8.8.1 (17.0.8.1+8-LTS, mixed mode, sharing, tiered, compressed oops, compressed class ptrs, g1 gc, windows-amd64)
GC Precious Log:
 CPUs: 12 total, 12 available
 Memory: 16155M
 Large Page Support: Disabled
 NUMA Support: Disabled
 Compressed Oops: Enabled (Zero based)
 Heap Region Size: 2M
 Heap Min Capacity: 8M
 Heap Initial Capacity: 254M
 Heap Max Capacity: 4040M
 Pre-touch: Disabled
 Parallel Workers: 10
 Concurrent Workers: 3
 Concurrent Refinement Workers: 10
 Periodic GC: Disabled
Heap:
 garbage-first heap   total 157696K, used 71076K [0x00000004d7a00000, 0x00000005d4200000)
  region size 2048K, 24 young (49152K), 1 survivors (2048K)
 Metaspace       used 68353K, committed 68928K, reserved 1114112K
  class space    used 9385K, committed 9664K, reserved 1048576K
GC Heap History (20 events):
Event: 1.628 GC heap before
{Heap before GC invocations=4 (full 0):
 garbage-first heap   total 55296K, used 40961K [0x00000004d7a00000, 0x00000005d4200000)
  region size 2048K, 19 young (38912K), 4 survivors (8192K)
 Metaspace       used 27146K, committed 27584K, reserved 1114112K
  class space    used 3468K, committed 3648K, reserved 1048576K
}
Event: 1.632 GC heap after
{Heap after GC invocations=5 (full 0):
 garbage-first heap   total 55296K, used 15665K [0x00000004d7a00000, 0x00000005d4200000)
  region size 2048K, 5 young (10240K), 5 survivors (10240K)
 Metaspace       used 27146K, committed 27584K, reserved 1114112K
  class space    used 3468K, committed 3648K, reserved 1048576K
}
Event: 1.888 GC heap before
{Heap before GC invocations=5 (full 0):
 garbage-first heap   total 55296K, used 36145K [0x00000004d7a00000, 0x00000005d4200000)
  region size 2048K, 15 young (30720K), 5 survivors (10240K)
 Metaspace       used 31440K, committed 31872K, reserved 1114112K
  class space    used 4087K, committed 4288K, reserved 1048576K
}
Event: 1.891 GC heap after
{Heap after GC invocations=6 (full 0):
 garbage-first heap   total 55296K, used 16914K [0x00000004d7a00000, 0x00000005d4200000)
  region size 2048K, 1 young (2048K), 1 survivors (2048K)
 Metaspace       used 31440K, committed 31872K, reserved 1114112K
  class space    used 4087K, committed 4288K, reserved 1048576K
}
Event: 2.067 GC heap before
{Heap before GC invocations=6 (full 0):
 garbage-first heap   total 55296K, used 31250K [0x00000004d7a00000, 0x00000005d4200000)
  region size 2048K, 9 young (18432K), 1 survivors (2048K)
 Metaspace       used 35682K, committed 36096K, reserved 1114112K
  class space    used 4652K, committed 4864K, reserved 1048576K
}
Event: 2.068 GC heap after
{Heap after GC invocations=7 (full 0):
 garbage-first heap   total 55296K, used 17391K [0x00000004d7a00000, 0x00000005d4200000)
  region size 2048K, 2 young (4096K), 2 survivors (4096K)
 Metaspace       used 35682K, committed 36096K, reserved 1114112K
  class space    used 4652K, committed 4864K, reserved 1048576K
}
Event: 2.371 GC heap before
{Heap before GC invocations=8 (full 0):
 garbage-first heap   total 55296K, used 35823K [0x00000004d7a00000, 0x00000005d4200000)
  region size 2048K, 12 young (24576K), 2 survivors (4096K)
 Metaspace       used 43604K, committed 44032K, reserved 1114112K
  class space    used 5687K, committed 5888K, reserved 1048576K
}
Event: 2.372 GC heap after
{Heap after GC invocations=9 (full 0):
 garbage-first heap   total 55296K, used 19089K [0x00000004d7a00000, 0x00000005d4200000)
  region size 2048K, 2 young (4096K), 2 survivors (4096K)
 Metaspace       used 43604K, committed 44032K, reserved 1114112K
  class space    used 5687K, committed 5888K, reserved 1048576K
}
Event: 2.600 GC heap before
{Heap before GC invocations=9 (full 0):
 garbage-first heap   total 55296K, used 39569K [0x00000004d7a00000, 0x00000005d4200000)
  region size 2048K, 12 young (24576K), 2 survivors (4096K)
 Metaspace       used 49181K, committed 49600K, reserved 1114112K
  class space    used 6472K, committed 6656K, reserved 1048576K
}
Event: 2.602 GC heap after
{Heap after GC invocations=10 (full 0):
 garbage-first heap   total 55296K, used 20348K [0x00000004d7a00000, 0x00000005d4200000)
  region size 2048K, 2 young (4096K), 2 survivors (4096K)
 Metaspace       used 49181K, committed 49600K, reserved 1114112K
  class space    used 6472K, committed 6656K, reserved 1048576K
}
Event: 2.801 GC heap before
{Heap before GC invocations=10 (full 0):
 garbage-first heap   total 55296K, used 38780K [0x00000004d7a00000, 0x00000005d4200000)
  region size 2048K, 11 young (22528K), 2 survivors (4096K)
 Metaspace       used 52706K, committed 53120K, reserved 1114112K
  class space    used 7090K, committed 7296K, reserved 1048576K
}
Event: 2.803 GC heap after
{Heap after GC invocations=11 (full 0):
 garbage-first heap   total 55296K, used 21017K [0x00000004d7a00000, 0x00000005d4200000)
  region size 2048K, 1 young (2048K), 1 survivors (2048K)
 Metaspace       used 52706K, committed 53120K, reserved 1114112K
  class space    used 7090K, committed 7296K, reserved 1048576K
}
Event: 3.112 GC heap before
{Heap before GC invocations=11 (full 0):
 garbage-first heap   total 55296K, used 39449K [0x00000004d7a00000, 0x00000005d4200000)
  region size 2048K, 11 young (22528K), 1 survivors (2048K)
 Metaspace       used 57159K, committed 57728K, reserved 1114112K
  class space    used 7686K, committed 7936K, reserved 1048576K
}
Event: 3.114 GC heap after
{Heap after GC invocations=12 (full 0):
 garbage-first heap   total 55296K, used 22393K [0x00000004d7a00000, 0x00000005d4200000)
  region size 2048K, 2 young (4096K), 2 survivors (4096K)
 Metaspace       used 57159K, committed 57728K, reserved 1114112K
  class space    used 7686K, committed 7936K, reserved 1048576K
}
Event: 3.323 GC heap before
{Heap before GC invocations=12 (full 0):
 garbage-first heap   total 55296K, used 40825K [0x00000004d7a00000, 0x00000005d4200000)
  region size 2048K, 11 young (22528K), 2 survivors (4096K)
 Metaspace       used 59435K, committed 59968K, reserved 1114112K
  class space    used 8033K, committed 8256K, reserved 1048576K
}
Event: 3.325 GC heap after
{Heap after GC invocations=13 (full 0):
 garbage-first heap   total 55296K, used 24248K [0x00000004d7a00000, 0x00000005d4200000)
  region size 2048K, 2 young (4096K), 2 survivors (4096K)
 Metaspace       used 59435K, committed 59968K, reserved 1114112K
  class space    used 8033K, committed 8256K, reserved 1048576K
}
Event: 3.355 GC heap before
{Heap before GC invocations=13 (full 0):
 garbage-first heap   total 55296K, used 26296K [0x00000004d7a00000, 0x00000005d4200000)
  region size 2048K, 4 young (8192K), 2 survivors (4096K)
 Metaspace       used 59779K, committed 60288K, reserved 1114112K
  class space    used 8083K, committed 8320K, reserved 1048576K
}
Event: 3.357 GC heap after
{Heap after GC invocations=14 (full 0):
 garbage-first heap   total 55296K, used 24687K [0x00000004d7a00000, 0x00000005d4200000)
  region size 2048K, 2 young (4096K), 2 survivors (4096K)
 Metaspace       used 59779K, committed 60288K, reserved 1114112K
  class space    used 8083K, committed 8320K, reserved 1048576K
}
Event: 49.791 GC heap before
{Heap before GC invocations=15 (full 0):
 garbage-first heap   total 55296K, used 39023K [0x00000004d7a00000, 0x00000005d4200000)
  region size 2048K, 10 young (20480K), 2 survivors (4096K)
 Metaspace       used 62201K, committed 62720K, reserved 1114112K
  class space    used 8455K, committed 8704K, reserved 1048576K
}
Event: 49.793 GC heap after
{Heap after GC invocations=16 (full 0):
 garbage-first heap   total 157696K, used 26020K [0x00000004d7a00000, 0x00000005d4200000)
  region size 2048K, 1 young (2048K), 1 survivors (2048K)
 Metaspace       used 62201K, committed 62720K, reserved 1114112K
  class space    used 8455K, committed 8704K, reserved 1048576K
}

